\BOOKMARK [0][-]{chapter.1}{\376\377\0001\000\040\000C\000l\000a\000s\000s\000\040\000I\000n\000d\000e\000x}{}% 1
\BOOKMARK [1][-]{section.1.1}{\376\377\0001\000.\0001\000\040\000C\000l\000a\000s\000s\000\040\000L\000i\000s\000t}{chapter.1}% 2
\BOOKMARK [0][-]{chapter.2}{\376\377\0002\000\040\000C\000l\000a\000s\000s\000\040\000D\000o\000c\000u\000m\000e\000n\000t\000a\000t\000i\000o\000n}{}% 3
\BOOKMARK [1][-]{section.2.1}{\376\377\0002\000.\0001\000\040\000C\000l\000o\000c\000k\000\040\000C\000l\000a\000s\000s\000\040\000R\000e\000f\000e\000r\000e\000n\000c\000e}{chapter.2}% 4
\BOOKMARK [2][-]{subsection.2.1.1}{\376\377\0002\000.\0001\000.\0001\000\040\000D\000e\000t\000a\000i\000l\000e\000d\000\040\000D\000e\000s\000c\000r\000i\000p\000t\000i\000o\000n}{section.2.1}% 5
\BOOKMARK [2][-]{subsection.2.1.2}{\376\377\0002\000.\0001\000.\0002\000\040\000M\000e\000m\000b\000e\000r\000\040\000F\000u\000n\000c\000t\000i\000o\000n\000\040\000D\000o\000c\000u\000m\000e\000n\000t\000a\000t\000i\000o\000n}{section.2.1}% 6
\BOOKMARK [3][-]{subsubsection.2.1.2.1}{\376\377\0002\000.\0001\000.\0002\000.\0001\000\040\000c\000o\000n\000s\000t\000r\000a\000i\000n\000t\000s\000\050\000\051}{subsection.2.1.2}% 7
\BOOKMARK [3][-]{subsubsection.2.1.2.2}{\376\377\0002\000.\0001\000.\0002\000.\0002\000\040\000u\000p\000d\000a\000t\000e\000\050\000\051}{subsection.2.1.2}% 8
\BOOKMARK [1][-]{section.2.2}{\376\377\0002\000.\0002\000\040\000S\000e\000n\000s\000o\000r\000\040\000C\000l\000a\000s\000s\000\040\000R\000e\000f\000e\000r\000e\000n\000c\000e}{chapter.2}% 9
\BOOKMARK [2][-]{subsection.2.2.1}{\376\377\0002\000.\0002\000.\0001\000\040\000D\000e\000t\000a\000i\000l\000e\000d\000\040\000D\000e\000s\000c\000r\000i\000p\000t\000i\000o\000n}{section.2.2}% 10
\BOOKMARK [2][-]{subsection.2.2.2}{\376\377\0002\000.\0002\000.\0002\000\040\000C\000o\000n\000s\000t\000r\000u\000c\000t\000o\000r\000\040\000\046\000\040\000D\000e\000s\000t\000r\000u\000c\000t\000o\000r\000\040\000D\000o\000c\000u\000m\000e\000n\000t\000a\000t\000i\000o\000n}{section.2.2}% 11
\BOOKMARK [3][-]{subsubsection.2.2.2.1}{\376\377\0002\000.\0002\000.\0002\000.\0001\000\040\000S\000e\000n\000s\000o\000r\000\050\000S\000t\000r\000i\000n\000g\000\040\000n\000a\000m\000e\000,\000\040\000i\000n\000t\000\040\000P\000i\000n\000,\000\040\000f\000l\000o\000a\000t\000\040\000H\000i\000t\000h\000r\000e\000s\000h\000,\000\040\000f\000l\000o\000a\000t\000\040\000L\000o\000t\000h\000r\000e\000s\000h\000,\000\040\000f\000l\000o\000a\000t\000\040\000H\000i\000b\000o\000u\000n\000d\000,\000\040\000f\000l\000o\000a\000t\000\040\000L\000o\000b\000o\000u\000n\000d\000,\000\040\000f\000l\000o\000a\000t\000\040\000C\000o\000n\000v\000c\000o\000e\000f\000,\000\040\000f\000l\000o\000a\000t\000\040\000C\000o\000n\000v\000o\000f\000f\000s\000e\000t\000\051}{subsection.2.2.2}% 12
\BOOKMARK [2][-]{subsection.2.2.3}{\376\377\0002\000.\0002\000.\0003\000\040\000M\000e\000m\000b\000e\000r\000\040\000F\000u\000n\000c\000t\000i\000o\000n\000\040\000D\000o\000c\000u\000m\000e\000n\000t\000a\000t\000i\000o\000n}{section.2.2}% 13
\BOOKMARK [3][-]{subsubsection.2.2.3.1}{\376\377\0002\000.\0002\000.\0003\000.\0001\000\040\000c\000a\000l\000c\000p\000r\000i\000o\000r\000i\000t\000y\000\050\000\051}{subsection.2.2.3}% 14
\BOOKMARK [3][-]{subsubsection.2.2.3.2}{\376\377\0002\000.\0002\000.\0003\000.\0002\000\040\000c\000h\000e\000c\000k\000t\000h\000r\000e\000s\000h\000\050\000\051}{subsection.2.2.3}% 15
\BOOKMARK [3][-]{subsubsection.2.2.3.3}{\376\377\0002\000.\0002\000.\0003\000.\0003\000\040\000c\000o\000n\000v\000e\000r\000t\000\050\000\051}{subsection.2.2.3}% 16
\BOOKMARK [3][-]{subsubsection.2.2.3.4}{\376\377\0002\000.\0002\000.\0003\000.\0004\000\040\000u\000p\000d\000a\000t\000e\000\050\000\051}{subsection.2.2.3}% 17
\BOOKMARK [2][-]{subsection.2.2.4}{\376\377\0002\000.\0002\000.\0004\000\040\000M\000e\000m\000b\000e\000r\000\040\000D\000a\000t\000a\000\040\000D\000o\000c\000u\000m\000e\000n\000t\000a\000t\000i\000o\000n}{section.2.2}% 18
\BOOKMARK [3][-]{subsubsection.2.2.4.1}{\376\377\0002\000.\0002\000.\0004\000.\0001\000\040\000c\000o\000n\000v\000c\000o\000e\000f}{subsection.2.2.4}% 19
\BOOKMARK [3][-]{subsubsection.2.2.4.2}{\376\377\0002\000.\0002\000.\0004\000.\0002\000\040\000c\000o\000n\000v\000o\000f\000f\000s\000e\000t}{subsection.2.2.4}% 20
\BOOKMARK [3][-]{subsubsection.2.2.4.3}{\376\377\0002\000.\0002\000.\0004\000.\0003\000\040\000d\000i\000s\000p\000l\000a\000y\000m\000e}{subsection.2.2.4}% 21
\BOOKMARK [3][-]{subsubsection.2.2.4.4}{\376\377\0002\000.\0002\000.\0004\000.\0004\000\040\000h\000i\000b\000o\000u\000n\000d}{subsection.2.2.4}% 22
\BOOKMARK [3][-]{subsubsection.2.2.4.5}{\376\377\0002\000.\0002\000.\0004\000.\0005\000\040\000h\000i\000t\000h\000r\000e\000s\000h}{subsection.2.2.4}% 23
\BOOKMARK [3][-]{subsubsection.2.2.4.6}{\376\377\0002\000.\0002\000.\0004\000.\0006\000\040\000l\000a\000s\000t\000d\000i\000s\000p\000l\000a\000y\000v\000a\000l\000u\000e\000x}{subsection.2.2.4}% 24
\BOOKMARK [3][-]{subsubsection.2.2.4.7}{\376\377\0002\000.\0002\000.\0004\000.\0007\000\040\000l\000a\000s\000t\000d\000i\000s\000p\000l\000a\000y\000v\000a\000l\000u\000e\000y}{subsection.2.2.4}% 25
\BOOKMARK [3][-]{subsubsection.2.2.4.8}{\376\377\0002\000.\0002\000.\0004\000.\0008\000\040\000l\000a\000s\000t\000d\000i\000s\000p\000l\000a\000y\000x}{subsection.2.2.4}% 26
\BOOKMARK [3][-]{subsubsection.2.2.4.9}{\376\377\0002\000.\0002\000.\0004\000.\0009\000\040\000l\000a\000s\000t\000d\000i\000s\000p\000l\000a\000y\000y}{subsection.2.2.4}% 27
\BOOKMARK [3][-]{subsubsection.2.2.4.10}{\376\377\0002\000.\0002\000.\0004\000.\0001\0000\000\040\000l\000o\000b\000o\000u\000n\000d}{subsection.2.2.4}% 28
\BOOKMARK [3][-]{subsubsection.2.2.4.11}{\376\377\0002\000.\0002\000.\0004\000.\0001\0001\000\040\000l\000o\000t\000h\000r\000e\000s\000h}{subsection.2.2.4}% 29
\BOOKMARK [3][-]{subsubsection.2.2.4.12}{\376\377\0002\000.\0002\000.\0004\000.\0001\0002\000\040\000p\000i\000n}{subsection.2.2.4}% 30
\BOOKMARK [3][-]{subsubsection.2.2.4.13}{\376\377\0002\000.\0002\000.\0004\000.\0001\0003\000\040\000p\000r\000i\000o\000r\000i\000t\000y}{subsection.2.2.4}% 31
\BOOKMARK [3][-]{subsubsection.2.2.4.14}{\376\377\0002\000.\0002\000.\0004\000.\0001\0004\000\040\000p\000r\000i\000o\000r\000i\000t\000y\000o\000f\000f\000s\000e\000t}{subsection.2.2.4}% 32
